# JRE version: Java(TM) SE Runtime Environment (20.0.2+9) (build 20.0.2+9-78)
# Java VM: Java HotSpot(TM) 64-Bit Server VM (20.0.2+9-78, mixed mode, sharing, tiered, compressed oops, compressed class ptrs, g1 gc, windows-amd64)
GC Precious Log:
 CardTable entry size: 512
 Card Set container configuration: InlinePtr #cards 4 size 8 Array Of Cards #cards 16 size 48 Howl #buckets 8 coarsen threshold 3686 Howl Bitmap #cards 512 size 80 coarsen threshold 460 Card regions per heap region 1 cards per card region 4096
 CPUs: 16 total, 16 available
 Memory: 16202M
 Large Page Support: Disabled
 NUMA Support: Disabled
 Compressed Oops: Enabled (Zero based)
 Heap Region Size: 2M
 Heap Min Capacity: 8M
 Heap Initial Capacity: 254M
 Heap Max Capacity: 4G
 Pre-touch: Disabled
 Parallel Workers: 13
 Concurrent Workers: 3
 Concurrent Refinement Workers: 13
 Periodic GC: Disabled
Heap:
 garbage-first heap   total 335872K, used 234703K [0x0000000700000000, 0x0000000800000000)
  region size 2048K, 27 young (55296K), 6 survivors (12288K)
 Metaspace       used 126568K, committed 129472K, reserved 552960K
  class space    used 17261K, committed 18688K, reserved 421888K
GC Heap History (20 events):
Event: 18.827 GC heap before
{Heap before GC invocations=38 (full 0):
 garbage-first heap   total 233472K, used 209838K [0x0000000700000000, 0x0000000800000000)
  region size 2048K, 43 young (88064K), 3 survivors (6144K)
 Metaspace       used 107802K, committed 110464K, reserved 552960K
  class space    used 14942K, committed 16256K, reserved 421888K
}
Event: 18.833 GC heap after
{Heap after GC invocations=39 (full 0):
 garbage-first heap   total 233472K, used 140972K [0x0000000700000000, 0x0000000800000000)
  region size 2048K, 6 young (12288K), 6 survivors (12288K)
 Metaspace       used 107802K, committed 110464K, reserved 552960K
  class space    used 14942K, committed 16256K, reserved 421888K
}
Event: 19.448 GC heap before
{Heap before GC invocations=39 (full 0):
 garbage-first heap   total 233472K, used 204460K [0x0000000700000000, 0x0000000800000000)
  region size 2048K, 38 young (77824K), 6 survivors (12288K)
 Metaspace       used 108766K, committed 111424K, reserved 552960K
  class space    used 15113K, committed 16448K, reserved 421888K
}
Event: 19.453 GC heap after
{Heap after GC invocations=40 (full 0):
 garbage-first heap   total 233472K, used 147486K [0x0000000700000000, 0x0000000800000000)
  region size 2048K, 4 young (8192K), 4 survivors (8192K)
 Metaspace       used 108766K, committed 111424K, reserved 552960K
  class space    used 15113K, committed 16448K, reserved 421888K
}
Event: 19.776 GC heap before
{Heap before GC invocations=41 (full 0):
 garbage-first heap   total 280576K, used 204830K [0x0000000700000000, 0x0000000800000000)
  region size 2048K, 33 young (67584K), 4 survivors (8192K)
 Metaspace       used 108788K, committed 111424K, reserved 552960K
  class space    used 15114K, committed 16448K, reserved 421888K
}
Event: 19.780 GC heap after
{Heap after GC invocations=42 (full 0):
 garbage-first heap   total 280576K, used 149779K [0x0000000700000000, 0x0000000800000000)
  region size 2048K, 3 young (6144K), 3 survivors (6144K)
 Metaspace       used 108788K, committed 111424K, reserved 552960K
  class space    used 15114K, committed 16448K, reserved 421888K
}
Event: 21.004 GC heap before
{Heap before GC invocations=42 (full 0):
 garbage-first heap   total 280576K, used 248083K [0x0000000700000000, 0x0000000800000000)
  region size 2048K, 52 young (106496K), 3 survivors (6144K)
 Metaspace       used 114792K, committed 117568K, reserved 552960K
  class space    used 15914K, committed 17280K, reserved 421888K
}
Event: 21.012 GC heap after
{Heap after GC invocations=43 (full 0):
 garbage-first heap   total 280576K, used 161736K [0x0000000700000000, 0x0000000800000000)
  region size 2048K, 7 young (14336K), 7 survivors (14336K)
 Metaspace       used 114792K, committed 117568K, reserved 552960K
  class space    used 15914K, committed 17280K, reserved 421888K
}
Event: 22.148 GC heap before
{Heap before GC invocations=43 (full 0):
 garbage-first heap   total 280576K, used 249800K [0x0000000700000000, 0x0000000800000000)
  region size 2048K, 50 young (102400K), 7 survivors (14336K)
 Metaspace       used 117230K, committed 120000K, reserved 552960K
  class space    used 16204K, committed 17600K, reserved 421888K
}
Event: 22.157 GC heap after
{Heap after GC invocations=44 (full 0):
 garbage-first heap   total 280576K, used 174090K [0x0000000700000000, 0x0000000800000000)
  region size 2048K, 6 young (12288K), 6 survivors (12288K)
 Metaspace       used 117230K, committed 120000K, reserved 552960K
  class space    used 16204K, committed 17600K, reserved 421888K
}
Event: 22.567 GC heap before
{Heap before GC invocations=45 (full 0):
 garbage-first heap   total 305152K, used 247818K [0x0000000700000000, 0x0000000800000000)
  region size 2048K, 43 young (88064K), 6 survivors (12288K)
 Metaspace       used 117657K, committed 120448K, reserved 552960K
  class space    used 16267K, committed 17664K, reserved 421888K
}
Event: 22.574 GC heap after
{Heap after GC invocations=46 (full 0):
 garbage-first heap   total 305152K, used 181859K [0x0000000700000000, 0x0000000800000000)
  region size 2048K, 4 young (8192K), 4 survivors (8192K)
 Metaspace       used 117657K, committed 120448K, reserved 552960K
  class space    used 16267K, committed 17664K, reserved 421888K
}
Event: 23.281 GC heap before
{Heap before GC invocations=46 (full 0):
 garbage-first heap   total 305152K, used 271971K [0x0000000700000000, 0x0000000800000000)
  region size 2048K, 49 young (100352K), 4 survivors (8192K)
 Metaspace       used 117742K, committed 120512K, reserved 552960K
  class space    used 16270K, committed 17664K, reserved 421888K
}
Event: 23.287 GC heap after
{Heap after GC invocations=47 (full 0):
 garbage-first heap   total 305152K, used 184937K [0x0000000700000000, 0x0000000800000000)
  region size 2048K, 6 young (12288K), 6 survivors (12288K)
 Metaspace       used 117742K, committed 120512K, reserved 552960K
  class space    used 16270K, committed 17664K, reserved 421888K
}
Event: 23.658 GC heap before
{Heap before GC invocations=47 (full 0):
 garbage-first heap   total 305152K, used 270953K [0x0000000700000000, 0x0000000800000000)
  region size 2048K, 49 young (100352K), 6 survivors (12288K)
 Metaspace       used 117900K, committed 120640K, reserved 552960K
  class space    used 16289K, committed 17664K, reserved 421888K
}
Event: 23.666 GC heap after
{Heap after GC invocations=48 (full 0):
 garbage-first heap   total 305152K, used 188549K [0x0000000700000000, 0x0000000800000000)
  region size 2048K, 6 young (12288K), 6 survivors (12288K)
 Metaspace       used 117900K, committed 120640K, reserved 552960K
  class space    used 16289K, committed 17664K, reserved 421888K
}
Event: 25.372 GC heap before
{Heap before GC invocations=49 (full 0):
 garbage-first heap   total 335872K, used 270469K [0x0000000700000000, 0x0000000800000000)
  region size 2048K, 47 young (96256K), 6 survivors (12288K)
 Metaspace       used 122340K, committed 125120K, reserved 552960K
  class space    used 16842K, committed 18240K, reserved 421888K
}
Event: 25.379 GC heap after
{Heap after GC invocations=50 (full 0):
 garbage-first heap   total 335872K, used 194838K [0x0000000700000000, 0x0000000800000000)
  region size 2048K, 6 young (12288K), 6 survivors (12288K)
 Metaspace       used 122340K, committed 125120K, reserved 552960K
  class space    used 16842K, committed 18240K, reserved 421888K
}
Event: 26.132 GC heap before
{Heap before GC invocations=50 (full 0):
 garbage-first heap   total 335872K, used 301334K [0x0000000700000000, 0x0000000800000000)
  region size 2048K, 59 young (120832K), 6 survivors (12288K)
 Metaspace       used 124196K, committed 127040K, reserved 552960K
  class space    used 16980K, committed 18368K, reserved 421888K
}
Event: 26.141 GC heap after
{Heap after GC invocations=51 (full 0):
 garbage-first heap   total 335872K, used 195791K [0x0000000700000000, 0x0000000800000000)
  region size 2048K, 6 young (12288K), 6 survivors (12288K)
 Metaspace       used 124196K, committed 127040K, reserved 552960K
  class space    used 16980K, committed 18368K, reserved 421888K
}

